<?xml version="1.0" encoding="UTF-8"?>
<testsuite name="testLab2.MainTest" tests="2" skipped="0" failures="0" errors="0" timestamp="2025-03-04T07:22:14" hostname="DESKTOP-E5K93H4" time="0.033">
  <properties/>
  <testcase name="testListNotEmpty()" classname="testLab2.MainTest" time="0.029"/>
  <testcase name="testListSize()" classname="testLab2.MainTest" time="0.002"/>
  <system-out><![CDATA[]]></system-out>
  <system-err><![CDATA[]]></system-err>
</testsuite>
